d:\college work\year 2\oop\code projects\games\spacegame\spacegame\debug\vc120.pdb
d:\college work\year 2\oop\code projects\games\spacegame\spacegame\debug\vc120.idb
d:\college work\year 2\oop\code projects\games\spacegame\spacegame\debug\background.obj
d:\college work\year 2\oop\code projects\games\spacegame\spacegame\debug\bobbing.obj
d:\college work\year 2\oop\code projects\games\spacegame\spacegame\debug\bullet.obj
d:\college work\year 2\oop\code projects\games\spacegame\spacegame\debug\button.obj
d:\college work\year 2\oop\code projects\games\spacegame\spacegame\debug\comet.obj
d:\college work\year 2\oop\code projects\games\spacegame\spacegame\debug\explosion.obj
d:\college work\year 2\oop\code projects\games\spacegame\spacegame\debug\gameobject.obj
d:\college work\year 2\oop\code projects\games\spacegame\spacegame\debug\main.obj
d:\college work\year 2\oop\code projects\games\spacegame\spacegame\debug\spaceship.obj
d:\college work\year 2\oop\code projects\games\spacegame\debug\spacegame.ilk
d:\college work\year 2\oop\code projects\games\spacegame\debug\spacegame.exe
d:\college work\year 2\oop\code projects\games\spacegame\debug\spacegame.pdb
d:\college work\year 2\oop\code projects\games\spacegame\spacegame\debug\spacegame.tlog\cl.command.1.tlog
d:\college work\year 2\oop\code projects\games\spacegame\spacegame\debug\spacegame.tlog\cl.read.1.tlog
d:\college work\year 2\oop\code projects\games\spacegame\spacegame\debug\spacegame.tlog\cl.write.1.tlog
d:\college work\year 2\oop\code projects\games\spacegame\spacegame\debug\spacegame.tlog\link.command.1.tlog
d:\college work\year 2\oop\code projects\games\spacegame\spacegame\debug\spacegame.tlog\link.read.1.tlog
d:\college work\year 2\oop\code projects\games\spacegame\spacegame\debug\spacegame.tlog\link.write.1.tlog
